1530628035924	geckodriver	INFO	geckodriver 0.19.1
1530628035930	geckodriver	INFO	Listening on 127.0.0.1:60313
1530628039007	mozrunner::runner	INFO	Running command: "C:\\Program Files\\Mozilla Firefox\\firefox.exe" "-marionette" "-headless" "useragent=\"Mozilla/5.0 (Windows NT 6.1; WOW64; rv:40.0) Gecko/20100101 Firefox/40.1\"" "-profile" "C:\\Users\\gang\\AppData\\Local\\Temp\\rust_mozprofile.Qvl0VjB40tE5"
*** You are running in headless mode.
Unable to read VR Path Registry from C:\Users\gang\AppData\Local\openvr\openvrpaths.vrpath
Unable to read VR Path Registry from C:\Users\gang\AppData\Local\openvr\openvrpaths.vrpath
Unable to read VR Path Registry from C:\Users\gang\AppData\Local\openvr\openvrpaths.vrpath
Unable to read VR Path Registry from C:\Users\gang\AppData\Local\openvr\openvrpaths.vrpath
[Child 10516, Chrome_ChildThread] WARNING: pipe error: 109: file z:/build/build/src/ipc/chromium/src/chrome/common/ipc_channel_win.cc, line 346
[Child 10516, Unable to read VR Path Registry from C:\Users\gang\AppData\Local\openvr\openvrpaths.vrpath
1530628040258	Marionette	INFO	Listening on port 60321
1530628040523	Marionette	WARN	TLS certificate errors will be ignored for this session

###!!! [Child][MessageChannel] Error: (msgtype=0x260003,name=PClientSource::Msg_Teardown) Channel error: cannot send/recv

1530628128797	geckodriver	INFO	geckodriver 0.19.1
1530628128804	geckodriver	INFO	Listening on 127.0.0.1:60394
1530628131884	mozrunner::runner	INFO	Running command: "C:\\Program Files\\Mozilla Firefox\\firefox.exe" "-marionette" "-headless" "useragent=\"Mozilla/5.0 (Windows NT 6.1; WOW64) AppleWebKit/537.36 (KHTML, like Gecko) Chrome/41.0.2227.0 Safari/537.36\"" "-profile" "C:\\Users\\gang\\AppData\\Local\\Temp\\rust_mozprofile.2BN1u5lTeI63"
*** You are running in headless mode.
Unable to read VR Path Registry from C:\Users\gang\AppData\Local\openvr\openvrpaths.vrpath
Unable to read VR Path Registry from C:\Users\gang\AppData\Local\openvr\openvrpaths.vrpath
Unable to read VR Path Registry from C:\Users\gang\AppData\Local\openvr\openvrpaths.vrpath
Unable to read VR Path Registry from C:\Users\gang\AppData\Local\openvr\openvrpaths.vrpath
[Parent 3492, Gecko_IOThread] WARNING: pipe error: 109: file z:/build/build/src/ipc/chromium/src/chrome/common/ipc_channel_win.cc, line 346
[Child 13928, Chrome_ChildThread] WARNING: pipe error: 109: file z:/build/build/src/ipc/chromium/src/chrome/common/ipc_channel_win.cc, line 346
[Child 13928, ChromeUnable to read VR Path Registry from C:\Users\gang\AppData\Local\openvr\openvrpaths.vrpath
1530628133123	Marionette	INFO	Listening on port 60402
1530628133392	Marionette	WARN	TLS certificate errors will be ignored for this session
JavaScript warning: https://g.alicdn.com/??kissy/k/6.2.4/seed-min.js,kg/global-util/1.0.7/index-min.js,tb/tracker/4.2.1/p/index/index.js,kg/tb-nav/2.5.3/index-min.js,secdev/sufei_data/3.3.5/index.js, line 6: Error: WebGL warning: Can't use WebGL in headless mode (https://bugzil.la/1375585).
JavaScript warning: https://g.alicdn.com/??kissy/k/6.2.4/seed-min.js,kg/global-util/1.0.7/index-min.js,tb/tracker/4.2.1/p/index/index.js,kg/tb-nav/2.5.3/index-min.js,secdev/sufei_data/3.3.5/index.js, line 6: Error: WebGL warning: Failed to create WebGL context: WebGL creation failed: 
* Can't use WebGL in headless mode (https://bugzil.la/1375585).
[Parent 3492, Gecko_IOThread] WARNING: pipe error: 109: file z:/build/build/src/ipc/chromium/src/chrome/common/ipc_channel_win.cc, line 346
[Parent 3492, Gecko_IOThread] WARNING: pipe error: 109: file z:/build/build/src/ipc/chromium/src/chrome/common/ipc_channel_win.cc, line 346
[Child 2064, Chrome_ChildThread] WARNING: pipe error: 109: file z:/build/build/src/ipc/chromium/src/chrome/common/ipc_channel_win.cc, line 346
1530629353916	geckodriver	INFO	geckodriver 0.19.1
1530629353922	geckodriver	INFO	Listening on 127.0.0.1:62115
1530629357006	mozrunner::runner	INFO	Running command: "C:\\Program Files\\Mozilla Firefox\\firefox.exe" "-marionette" "-headless" "useragent=\"Mozilla/5.0 (Macintosh; Intel Mac OS X 10_9_2) AppleWebKit/537.36 (KHTML, like Gecko) Chrome/36.0.1944.0 Safari/537.36\"" "-profile" "C:\\Users\\gang\\AppData\\Local\\Temp\\rust_mozprofile.Oac2vGeBOsdZ"
*** You are running in headless mode.
Unable to read VR Path Registry from C:\Users\gang\AppData\Local\openvr\openvrpaths.vrpath
Unable to read VR Path Registry from C:\Users\gang\AppData\Local\openvr\openvrpaths.vrpath
Unable to read VR Path Registry from C:\Users\gang\AppData\Local\openvr\openvrpaths.vrpath
Unable to read VR Path Registry from C:\Users\gang\AppData\Local\openvr\openvrpaths.vrpath
[Child 11404, Chrome_ChildThread] WARNING: pipe error: 109: file z:/build/build/src/ipc/chromium/src/chrome/common/ipc_channel_win.cc, line 346
[Child 11404, ChromUnable to read VR Path Registry from C:\Users\gang\AppData\Local\openvr\openvrpaths.vrpath
1530629358253	Marionette	INFO	Listening on port 62123
1530629358516	Marionette	WARN	TLS certificate errors will be ignored for this session
JavaScript warning: https://g.alicdn.com/secdev/sufei_data/3.5.3/index.js, line 1: Error: WebGL warning: Can't use WebGL in headless mode (https://bugzil.la/1375585).
JavaScript warning: https://g.alicdn.com/secdev/sufei_data/3.5.3/index.js, line 1: Error: WebGL warning: Failed to create WebGL context: WebGL creation failed: 
* Can't use WebGL in headless mode (https://bugzil.la/1375585).
JavaScript warning: https://cookiemapping.wrating.com/link.html, line 3: Error: WebGL warning: Can't use WebGL in headless mode (https://bugzil.la/1375585).
JavaScript warning: https://cookiemapping.wrating.com/link.html, line 3: Error: WebGL warning: Failed to create WebGL context: WebGL creation failed: 
* Can't use WebGL in headless mode (https://bugzil.la/1375585).
JavaScript warning: https://cookiemapping.wrating.com/link.html, line 3: Error: WebGL warning: Can't use WebGL in headless mode (https://bugzil.la/1375585).
JavaScript warning: https://cookiemapping.wrating.com/link.html, line 3: Error: WebGL warning: Failed to create WebGL context: WebGL creation failed: 
* Can't use WebGL in headless mode (https://bugzil.la/1375585).
JavaScript error: https://cookiemapping.wrating.com/link.html, line 3: NS_ERROR_FAILURE: 
JavaScript warning: https://g.alicdn.com/secdev/sufei_data/3.5.3/index.js, line 1: Error: WebGL warning: Can't use WebGL in headless mode (https://bugzil.la/1375585).
JavaScript warning: https://g.alicdn.com/secdev/sufei_data/3.5.3/index.js, line 1: Error: WebGL warning: Failed to create WebGL context: WebGL creation failed: 
* Can't use WebGL in headless mode (https://bugzil.la/1375585).
[Parent 18336, Gecko_IOThread] WARNING: pipe error: 109: file z:/build/build/src/ipc/chromium/src/chrome/common/ipc_channel_win.cc, line 346
[Child 15472, Chrome_ChildThread] WARNING: pipe error: 109: file z:/build/build/src/ipc/chromium/src/chrome/common/ipc_channel_win.cc, line 346
[Child 15472, Chrome1530629547743	geckodriver	INFO	geckodriver 0.19.1
1530629547749	geckodriver	INFO	Listening on 127.0.0.1:62455
1530629550853	mozrunner::runner	INFO	Running command: "C:\\Program Files\\Mozilla Firefox\\firefox.exe" "-marionette" "-headless" "useragent=\"Mozilla/5.0 (Macintosh; Intel Mac OS X 10_10_1) AppleWebKit/537.36 (KHTML, like Gecko) Chrome/37.0.2062.124 Safari/537.36\"" "-profile" "C:\\Users\\gang\\AppData\\Local\\Temp\\rust_mozprofile.AUQl7mDTtoEs"
*** You are running in headless mode.
Unable to read VR Path Registry from C:\Users\gang\AppData\Local\openvr\openvrpaths.vrpath
Unable to read VR Path Registry from C:\Users\gang\AppData\Local\openvr\openvrpaths.vrpath
Unable to read VR Path Registry from C:\Users\gang\AppData\Local\openvr\openvrpaths.vrpath
Unable to read VR Path Registry from C:\Users\gang\AppData\Local\openvr\openvrpaths.vrpath
[Parent 12128, Gecko_IOThread] WARNING: pipe error: 109: file z:/build/build/src/ipc/chromium/src/chrome/common/ipc_channel_win.cc, line 346
[Child 1252, Chrome_ChildThread] WARNING: pipe error: 109: file z:/build/build/src/ipc/chromium/src/chrome/common/ipc_channel_win.cc, line 346
[Child 1252, Chrome_ChildThrUnable to read VR Path Registry from C:\Users\gang\AppData\Local\openvr\openvrpaths.vrpath
1530629552132	Marionette	INFO	Listening on port 62463
1530629552371	Marionette	WARN	TLS certificate errors will be ignored for this session
JavaScript warning: https://g.alicdn.com/secdev/sufei_data/3.5.3/index.js, line 1: Error: WebGL warning: Can't use WebGL in headless mode (https://bugzil.la/1375585).
JavaScript warning: https://g.alicdn.com/secdev/sufei_data/3.5.3/index.js, line 1: Error: WebGL warning: Failed to create WebGL context: WebGL creation failed: 
* Can't use WebGL in headless mode (https://bugzil.la/1375585).
JavaScript warning: https://cookiemapping.wrating.com/link.html, line 3: Error: WebGL warning: Can't use WebGL in headless mode (https://bugzil.la/1375585).
JavaScript warning: https://cookiemapping.wrating.com/link.html, line 3: Error: WebGL warning: Failed to create WebGL context: WebGL creation failed: 
* Can't use WebGL in headless mode (https://bugzil.la/1375585).
JavaScript warning: https://cookiemapping.wrating.com/link.html, line 3: Error: WebGL warning: Can't use WebGL in headless mode (https://bugzil.la/1375585).
JavaScript warning: https://cookiemapping.wrating.com/link.html, line 3: Error: WebGL warning: Failed to create WebGL context: WebGL creation failed: 
* Can't use WebGL in headless mode (https://bugzil.la/1375585).
JavaScript error: https://cookiemapping.wrating.com/link.html, line 3: NS_ERROR_FAILURE: 
JavaScript warning: https://g.alicdn.com/secdev/sufei_data/3.5.3/index.js, line 1: Error: WebGL warning: Can't use WebGL in headless mode (https://bugzil.la/1375585).
JavaScript warning: https://g.alicdn.com/secdev/sufei_data/3.5.3/index.js, line 1: Error: WebGL warning: Failed to create WebGL context: WebGL creation failed: 
* Can't use WebGL in headless mode (https://bugzil.la/1375585).
[Child 9932, Chrome_ChildThread] WARNING: pipe error: 109: file z:/build/build/src/ipc/chromium/src/chrome/common/ipc_channel_win.cc, line 346
[Child 9932, Chrom